c:\users\lenovo\onedrive\课程资料\计算机编程实验\cipher\debug\vc142.pdb
c:\users\lenovo\onedrive\课程资料\计算机编程实验\cipher\debug\vc142.idb
c:\users\lenovo\onedrive\课程资料\计算机编程实验\cipher\debug\fortest.obj
c:\users\lenovo\onedrive\课程资料\计算机编程实验\cipher\debug\源1.obj
c:\users\lenovo\onedrive\课程资料\计算机编程实验\cipher\debug\源.obj
c:\users\lenovo\onedrive\课程资料\计算机编程实验\cipher\debug\cipher.exe
c:\users\lenovo\onedrive\课程资料\计算机编程实验\cipher\debug\cipher.ilk
c:\users\lenovo\onedrive\课程资料\计算机编程实验\cipher\debug\cipher.pdb
c:\users\lenovo\onedrive\课程资料\计算机编程实验\cipher\debug\cipher.tlog\cl.command.1.tlog
c:\users\lenovo\onedrive\课程资料\计算机编程实验\cipher\debug\cipher.tlog\cl.read.1.tlog
c:\users\lenovo\onedrive\课程资料\计算机编程实验\cipher\debug\cipher.tlog\cl.write.1.tlog
c:\users\lenovo\onedrive\课程资料\计算机编程实验\cipher\debug\cipher.tlog\link-cvtres.read.1.tlog
c:\users\lenovo\onedrive\课程资料\计算机编程实验\cipher\debug\cipher.tlog\link-cvtres.write.1.tlog
c:\users\lenovo\onedrive\课程资料\计算机编程实验\cipher\debug\cipher.tlog\link-rc.read.1.tlog
c:\users\lenovo\onedrive\课程资料\计算机编程实验\cipher\debug\cipher.tlog\link-rc.write.1.tlog
c:\users\lenovo\onedrive\课程资料\计算机编程实验\cipher\debug\cipher.tlog\link.14496-cvtres.read.1.tlog
c:\users\lenovo\onedrive\课程资料\计算机编程实验\cipher\debug\cipher.tlog\link.14496-cvtres.write.1.tlog
c:\users\lenovo\onedrive\课程资料\计算机编程实验\cipher\debug\cipher.tlog\link.14496-rc.read.1.tlog
c:\users\lenovo\onedrive\课程资料\计算机编程实验\cipher\debug\cipher.tlog\link.14496-rc.write.1.tlog
c:\users\lenovo\onedrive\课程资料\计算机编程实验\cipher\debug\cipher.tlog\link.14496.read.1.tlog
c:\users\lenovo\onedrive\课程资料\计算机编程实验\cipher\debug\cipher.tlog\link.14496.write.1.tlog
c:\users\lenovo\onedrive\课程资料\计算机编程实验\cipher\debug\cipher.tlog\link.command.1.tlog
c:\users\lenovo\onedrive\课程资料\计算机编程实验\cipher\debug\cipher.tlog\link.read.1.tlog
c:\users\lenovo\onedrive\课程资料\计算机编程实验\cipher\debug\cipher.tlog\link.write.1.tlog
